<?xml version="1.0" encoding="UTF-8"?>
<testsuite name="com.beemchallenge.caleb.repository.ElevatorMovementRepositoryTest" time="0.101" tests="5" errors="0" skipped="0" failures="0">
  <properties>
[...]
</properties>
  <testcase name="findByNullElevatorIDReturnsEmptyResult" classname="com.beemchallenge.caleb.repository.ElevatorMovementRepositoryTest" time="0.007"/>
  <testcase name="findByEmptyElevatorIDReturnsEmptyResult" classname="com.beemchallenge.caleb.repository.ElevatorMovementRepositoryTest" time="0.016"/>
  <testcase name="findByElevatorIDReturnsCorrectResults" classname="com.beemchallenge.caleb.repository.ElevatorMovementRepositoryTest" time="0.039"/>
  <testcase name="findByElevatorIDReturnsOnlyResultsOfThatElevatorID" classname="com.beemchallenge.caleb.repository.ElevatorMovementRepositoryTest" time="0.023"/>
  <testcase name="findByWrongElevatorIDReturnsEmptyResult" classname="com.beemchallenge.caleb.repository.ElevatorMovementRepositoryTest" time="0.016"/>
</testsuite>